Performing C SOURCE FILE Test CMAKE_HAVE_LIBC_PTHREAD failed with the following output:
Change Dir: /home/stud/hl_mai_10_kafka/build/CMakeFiles/CMakeTmp

Run Build Command(s):/usr/bin/make -f Makefile cmTC_cc1de/fast && /usr/bin/make  -f CMakeFiles/cmTC_cc1de.dir/build.make CMakeFiles/cmTC_cc1de.dir/build
make[1]: Entering directory '/home/stud/hl_mai_10_kafka/build/CMakeFiles/CMakeTmp'
Building C object CMakeFiles/cmTC_cc1de.dir/src.c.o
/usr/bin/x86_64-linux-gnu-gcc-7 -DCMAKE_HAVE_LIBC_PTHREAD   -o CMakeFiles/cmTC_cc1de.dir/src.c.o -c /home/stud/hl_mai_10_kafka/build/CMakeFiles/CMakeTmp/src.c
Linking C executable cmTC_cc1de
/usr/local/bin/cmake -E cmake_link_script CMakeFiles/cmTC_cc1de.dir/link.txt --verbose=1
/usr/bin/x86_64-linux-gnu-gcc-7 -rdynamic CMakeFiles/cmTC_cc1de.dir/src.c.o -o cmTC_cc1de 
CMakeFiles/cmTC_cc1de.dir/src.c.o: In function `main':
src.c:(.text+0x3e): undefined reference to `pthread_create'
src.c:(.text+0x4a): undefined reference to `pthread_detach'
src.c:(.text+0x56): undefined reference to `pthread_cancel'
src.c:(.text+0x67): undefined reference to `pthread_join'
src.c:(.text+0x7b): undefined reference to `pthread_atfork'
collect2: error: ld returned 1 exit status
CMakeFiles/cmTC_cc1de.dir/build.make:98: recipe for target 'cmTC_cc1de' failed
make[1]: *** [cmTC_cc1de] Error 1
make[1]: Leaving directory '/home/stud/hl_mai_10_kafka/build/CMakeFiles/CMakeTmp'
Makefile:127: recipe for target 'cmTC_cc1de/fast' failed
make: *** [cmTC_cc1de/fast] Error 2


Source file was:
#include <pthread.h>

static void* test_func(void* data)
{
  return data;
}

int main(void)
{
  pthread_t thread;
  pthread_create(&thread, NULL, test_func, NULL);
  pthread_detach(thread);
  pthread_cancel(thread);
  pthread_join(thread, NULL);
  pthread_atfork(NULL, NULL, NULL);
  pthread_exit(NULL);

  return 0;
}

Determining if the function pthread_create exists in the pthreads failed with the following output:
Change Dir: /home/stud/hl_mai_10_kafka/build/CMakeFiles/CMakeTmp

Run Build Command(s):/usr/bin/make -f Makefile cmTC_72321/fast && /usr/bin/make  -f CMakeFiles/cmTC_72321.dir/build.make CMakeFiles/cmTC_72321.dir/build
make[1]: Entering directory '/home/stud/hl_mai_10_kafka/build/CMakeFiles/CMakeTmp'
Building C object CMakeFiles/cmTC_72321.dir/CheckFunctionExists.c.o
/usr/bin/x86_64-linux-gnu-gcc-7   -DCHECK_FUNCTION_EXISTS=pthread_create -o CMakeFiles/cmTC_72321.dir/CheckFunctionExists.c.o -c /usr/local/share/cmake-3.21/Modules/CheckFunctionExists.c
Linking C executable cmTC_72321
/usr/local/bin/cmake -E cmake_link_script CMakeFiles/cmTC_72321.dir/link.txt --verbose=1
/usr/bin/x86_64-linux-gnu-gcc-7  -DCHECK_FUNCTION_EXISTS=pthread_create -rdynamic CMakeFiles/cmTC_72321.dir/CheckFunctionExists.c.o -o cmTC_72321  -lpthreads 
/usr/bin/ld: cannot find -lpthreads
collect2: error: ld returned 1 exit status
CMakeFiles/cmTC_72321.dir/build.make:98: recipe for target 'cmTC_72321' failed
make[1]: *** [cmTC_72321] Error 1
make[1]: Leaving directory '/home/stud/hl_mai_10_kafka/build/CMakeFiles/CMakeTmp'
Makefile:127: recipe for target 'cmTC_72321/fast' failed
make: *** [cmTC_72321/fast] Error 2



